Build output check failed:
    Regex: 'argument .* is not valid'
    Output line: 'cc1: warning: ‘-Werror=’ argument ‘-Werror=non-virtual-dtor’ is not valid for C'
Compilation failed:
    source file: '/home/ydog/Desktop/3D-environment-reconstruction/include/opencv-4.5.1/CMakeFiles/CMakeTmp/src.c'
    check option: ' -fsigned-char -W -Wall -Werror=return-type  -Werror=non-virtual-dtor'
===== BUILD LOG =====
Change Dir: /home/ydog/Desktop/3D-environment-reconstruction/include/opencv-4.5.1/CMakeFiles/CMakeTmp

Run Build Command(s):/usr/bin/make cmTC_8564f/fast && /usr/bin/make  -f CMakeFiles/cmTC_8564f.dir/build.make CMakeFiles/cmTC_8564f.dir/build
make[1]: Entering directory '/home/ydog/Desktop/3D-environment-reconstruction/include/opencv-4.5.1/CMakeFiles/CMakeTmp'
Building C object CMakeFiles/cmTC_8564f.dir/src.c.o
/usr/bin/cc   -O3 -DNDEBUG -fPIE    -fsigned-char -W -Wall -Werror=return-type  -Werror=non-virtual-dtor -o CMakeFiles/cmTC_8564f.dir/src.c.o -c /home/ydog/Desktop/3D-environment-reconstruction/include/opencv-4.5.1/CMakeFiles/CMakeTmp/src.c
cc1: warning: ‘-Werror=’ argument ‘-Werror=non-virtual-dtor’ is not valid for C
/home/ydog/Desktop/3D-environment-reconstruction/include/opencv-4.5.1/CMakeFiles/CMakeTmp/src.c:1: warning: ignoring #pragma   [-Wunknown-pragmas]
    1 | #pragma
      | 
Linking C executable cmTC_8564f
/snap/cmake/775/bin/cmake -E cmake_link_script CMakeFiles/cmTC_8564f.dir/link.txt --verbose=1
/usr/bin/cc -O3 -DNDEBUG CMakeFiles/cmTC_8564f.dir/src.c.o -o cmTC_8564f 
make[1]: Leaving directory '/home/ydog/Desktop/3D-environment-reconstruction/include/opencv-4.5.1/CMakeFiles/CMakeTmp'


===== END =====

Build output check failed:
    Regex: 'command[- ]line option .* is valid for .* but not for C\+\+'
    Output line: 'cc1plus: warning: command line option ‘-Wmissing-prototypes’ is valid for C/ObjC but not for C++'
Compilation failed:
    source file: '/home/ydog/Desktop/3D-environment-reconstruction/include/opencv-4.5.1/CMakeFiles/CMakeTmp/src.cxx'
    check option: ' -fsigned-char -W -Wall -Werror=return-type -Werror=non-virtual-dtor -Werror=address -Werror=sequence-point -Wformat -Werror=format-security -Wmissing-declarations  -Wmissing-prototypes'
===== BUILD LOG =====
Change Dir: /home/ydog/Desktop/3D-environment-reconstruction/include/opencv-4.5.1/CMakeFiles/CMakeTmp

Run Build Command(s):/usr/bin/make cmTC_a7c1b/fast && /usr/bin/make  -f CMakeFiles/cmTC_a7c1b.dir/build.make CMakeFiles/cmTC_a7c1b.dir/build
make[1]: Entering directory '/home/ydog/Desktop/3D-environment-reconstruction/include/opencv-4.5.1/CMakeFiles/CMakeTmp'
Building CXX object CMakeFiles/cmTC_a7c1b.dir/src.cxx.o
/usr/bin/c++   -O3 -DNDEBUG -fPIE    -fsigned-char -W -Wall -Werror=return-type -Werror=non-virtual-dtor -Werror=address -Werror=sequence-point -Wformat -Werror=format-security -Wmissing-declarations  -Wmissing-prototypes -std=c++11 -o CMakeFiles/cmTC_a7c1b.dir/src.cxx.o -c /home/ydog/Desktop/3D-environment-reconstruction/include/opencv-4.5.1/CMakeFiles/CMakeTmp/src.cxx
cc1plus: warning: command line option ‘-Wmissing-prototypes’ is valid for C/ObjC but not for C++
/home/ydog/Desktop/3D-environment-reconstruction/include/opencv-4.5.1/CMakeFiles/CMakeTmp/src.cxx:1: warning: ignoring #pragma   [-Wunknown-pragmas]
    1 | #pragma
      | 
Linking CXX executable cmTC_a7c1b
/snap/cmake/775/bin/cmake -E cmake_link_script CMakeFiles/cmTC_a7c1b.dir/link.txt --verbose=1
/usr/bin/c++ -O3 -DNDEBUG CMakeFiles/cmTC_a7c1b.dir/src.cxx.o -o cmTC_a7c1b 
make[1]: Leaving directory '/home/ydog/Desktop/3D-environment-reconstruction/include/opencv-4.5.1/CMakeFiles/CMakeTmp'


===== END =====

Build output check failed:
    Regex: 'command[- ]line option .* is valid for .* but not for C\+\+'
    Output line: 'cc1plus: warning: command line option ‘-Wstrict-prototypes’ is valid for C/ObjC but not for C++'
Compilation failed:
    source file: '/home/ydog/Desktop/3D-environment-reconstruction/include/opencv-4.5.1/CMakeFiles/CMakeTmp/src.cxx'
    check option: ' -fsigned-char -W -Wall -Werror=return-type -Werror=non-virtual-dtor -Werror=address -Werror=sequence-point -Wformat -Werror=format-security -Wmissing-declarations  -Wstrict-prototypes'
===== BUILD LOG =====
Change Dir: /home/ydog/Desktop/3D-environment-reconstruction/include/opencv-4.5.1/CMakeFiles/CMakeTmp

Run Build Command(s):/usr/bin/make cmTC_d26b3/fast && /usr/bin/make  -f CMakeFiles/cmTC_d26b3.dir/build.make CMakeFiles/cmTC_d26b3.dir/build
make[1]: Entering directory '/home/ydog/Desktop/3D-environment-reconstruction/include/opencv-4.5.1/CMakeFiles/CMakeTmp'
Building CXX object CMakeFiles/cmTC_d26b3.dir/src.cxx.o
/usr/bin/c++   -O3 -DNDEBUG -fPIE    -fsigned-char -W -Wall -Werror=return-type -Werror=non-virtual-dtor -Werror=address -Werror=sequence-point -Wformat -Werror=format-security -Wmissing-declarations  -Wstrict-prototypes -std=c++11 -o CMakeFiles/cmTC_d26b3.dir/src.cxx.o -c /home/ydog/Desktop/3D-environment-reconstruction/include/opencv-4.5.1/CMakeFiles/CMakeTmp/src.cxx
cc1plus: warning: command line option ‘-Wstrict-prototypes’ is valid for C/ObjC but not for C++
/home/ydog/Desktop/3D-environment-reconstruction/include/opencv-4.5.1/CMakeFiles/CMakeTmp/src.cxx:1: warning: ignoring #pragma   [-Wunknown-pragmas]
    1 | #pragma
      | 
Linking CXX executable cmTC_d26b3
/snap/cmake/775/bin/cmake -E cmake_link_script CMakeFiles/cmTC_d26b3.dir/link.txt --verbose=1
/usr/bin/c++ -O3 -DNDEBUG CMakeFiles/cmTC_d26b3.dir/src.cxx.o -o cmTC_d26b3 
make[1]: Leaving directory '/home/ydog/Desktop/3D-environment-reconstruction/include/opencv-4.5.1/CMakeFiles/CMakeTmp'


===== END =====

Build output check failed:
    Regex: 'command[- ]line option .* is valid for .* but not for C'
    Output line: 'cc1: warning: command line option ‘-Wsign-promo’ is valid for C++/ObjC++ but not for C'
Compilation failed:
    source file: '/home/ydog/Desktop/3D-environment-reconstruction/include/opencv-4.5.1/CMakeFiles/CMakeTmp/src.c'
    check option: ' -fsigned-char -W -Wall -Werror=return-type -Werror=address -Werror=sequence-point -Wformat -Werror=format-security -Wmissing-declarations -Wmissing-prototypes -Wstrict-prototypes -Wundef -Winit-self -Wpointer-arith -Wshadow  -Wsign-promo'
===== BUILD LOG =====
Change Dir: /home/ydog/Desktop/3D-environment-reconstruction/include/opencv-4.5.1/CMakeFiles/CMakeTmp

Run Build Command(s):/usr/bin/make cmTC_16c92/fast && /usr/bin/make  -f CMakeFiles/cmTC_16c92.dir/build.make CMakeFiles/cmTC_16c92.dir/build
make[1]: Entering directory '/home/ydog/Desktop/3D-environment-reconstruction/include/opencv-4.5.1/CMakeFiles/CMakeTmp'
Building C object CMakeFiles/cmTC_16c92.dir/src.c.o
/usr/bin/cc   -O3 -DNDEBUG -fPIE    -fsigned-char -W -Wall -Werror=return-type -Werror=address -Werror=sequence-point -Wformat -Werror=format-security -Wmissing-declarations -Wmissing-prototypes -Wstrict-prototypes -Wundef -Winit-self -Wpointer-arith -Wshadow  -Wsign-promo -o CMakeFiles/cmTC_16c92.dir/src.c.o -c /home/ydog/Desktop/3D-environment-reconstruction/include/opencv-4.5.1/CMakeFiles/CMakeTmp/src.c
cc1: warning: command line option ‘-Wsign-promo’ is valid for C++/ObjC++ but not for C
/home/ydog/Desktop/3D-environment-reconstruction/include/opencv-4.5.1/CMakeFiles/CMakeTmp/src.c:1: warning: ignoring #pragma   [-Wunknown-pragmas]
    1 | #pragma
      | 
Linking C executable cmTC_16c92
/snap/cmake/775/bin/cmake -E cmake_link_script CMakeFiles/cmTC_16c92.dir/link.txt --verbose=1
/usr/bin/cc -O3 -DNDEBUG CMakeFiles/cmTC_16c92.dir/src.c.o -o cmTC_16c92 
make[1]: Leaving directory '/home/ydog/Desktop/3D-environment-reconstruction/include/opencv-4.5.1/CMakeFiles/CMakeTmp'


===== END =====

Build output check failed:
    Regex: 'command[- ]line option .* is valid for .* but not for C'
    Output line: 'cc1: warning: command line option ‘-Wsuggest-override’ is valid for C++/ObjC++ but not for C'
Compilation failed:
    source file: '/home/ydog/Desktop/3D-environment-reconstruction/include/opencv-4.5.1/CMakeFiles/CMakeTmp/src.c'
    check option: ' -fsigned-char -W -Wall -Werror=return-type -Werror=address -Werror=sequence-point -Wformat -Werror=format-security -Wmissing-declarations -Wmissing-prototypes -Wstrict-prototypes -Wundef -Winit-self -Wpointer-arith -Wshadow -Wuninitialized  -Wsuggest-override'
===== BUILD LOG =====
Change Dir: /home/ydog/Desktop/3D-environment-reconstruction/include/opencv-4.5.1/CMakeFiles/CMakeTmp

Run Build Command(s):/usr/bin/make cmTC_3589a/fast && /usr/bin/make  -f CMakeFiles/cmTC_3589a.dir/build.make CMakeFiles/cmTC_3589a.dir/build
make[1]: Entering directory '/home/ydog/Desktop/3D-environment-reconstruction/include/opencv-4.5.1/CMakeFiles/CMakeTmp'
Building C object CMakeFiles/cmTC_3589a.dir/src.c.o
/usr/bin/cc   -O3 -DNDEBUG -fPIE    -fsigned-char -W -Wall -Werror=return-type -Werror=address -Werror=sequence-point -Wformat -Werror=format-security -Wmissing-declarations -Wmissing-prototypes -Wstrict-prototypes -Wundef -Winit-self -Wpointer-arith -Wshadow -Wuninitialized  -Wsuggest-override -o CMakeFiles/cmTC_3589a.dir/src.c.o -c /home/ydog/Desktop/3D-environment-reconstruction/include/opencv-4.5.1/CMakeFiles/CMakeTmp/src.c
cc1: warning: command line option ‘-Wsuggest-override’ is valid for C++/ObjC++ but not for C
/home/ydog/Desktop/3D-environment-reconstruction/include/opencv-4.5.1/CMakeFiles/CMakeTmp/src.c:1: warning: ignoring #pragma   [-Wunknown-pragmas]
    1 | #pragma
      | 
Linking C executable cmTC_3589a
/snap/cmake/775/bin/cmake -E cmake_link_script CMakeFiles/cmTC_3589a.dir/link.txt --verbose=1
/usr/bin/cc -O3 -DNDEBUG CMakeFiles/cmTC_3589a.dir/src.c.o -o cmTC_3589a 
make[1]: Leaving directory '/home/ydog/Desktop/3D-environment-reconstruction/include/opencv-4.5.1/CMakeFiles/CMakeTmp'


===== END =====

Build output check failed:
    Regex: 'command[- ]line option .* is valid for .* but not for C'
    Output line: 'cc1: warning: command line option ‘-Wno-delete-non-virtual-dtor’ is valid for C++/ObjC++ but not for C'
Compilation failed:
    source file: '/home/ydog/Desktop/3D-environment-reconstruction/include/opencv-4.5.1/CMakeFiles/CMakeTmp/src.c'
    check option: ' -fsigned-char -W -Wall -Werror=return-type -Werror=address -Werror=sequence-point -Wformat -Werror=format-security -Wmissing-declarations -Wmissing-prototypes -Wstrict-prototypes -Wundef -Winit-self -Wpointer-arith -Wshadow -Wuninitialized  -Wno-delete-non-virtual-dtor'
===== BUILD LOG =====
Change Dir: /home/ydog/Desktop/3D-environment-reconstruction/include/opencv-4.5.1/CMakeFiles/CMakeTmp

Run Build Command(s):/usr/bin/make cmTC_440fc/fast && /usr/bin/make  -f CMakeFiles/cmTC_440fc.dir/build.make CMakeFiles/cmTC_440fc.dir/build
make[1]: Entering directory '/home/ydog/Desktop/3D-environment-reconstruction/include/opencv-4.5.1/CMakeFiles/CMakeTmp'
Building C object CMakeFiles/cmTC_440fc.dir/src.c.o
/usr/bin/cc   -O3 -DNDEBUG -fPIE    -fsigned-char -W -Wall -Werror=return-type -Werror=address -Werror=sequence-point -Wformat -Werror=format-security -Wmissing-declarations -Wmissing-prototypes -Wstrict-prototypes -Wundef -Winit-self -Wpointer-arith -Wshadow -Wuninitialized  -Wno-delete-non-virtual-dtor -o CMakeFiles/cmTC_440fc.dir/src.c.o -c /home/ydog/Desktop/3D-environment-reconstruction/include/opencv-4.5.1/CMakeFiles/CMakeTmp/src.c
cc1: warning: command line option ‘-Wno-delete-non-virtual-dtor’ is valid for C++/ObjC++ but not for C
/home/ydog/Desktop/3D-environment-reconstruction/include/opencv-4.5.1/CMakeFiles/CMakeTmp/src.c:1: warning: ignoring #pragma   [-Wunknown-pragmas]
    1 | #pragma
      | 
Linking C executable cmTC_440fc
/snap/cmake/775/bin/cmake -E cmake_link_script CMakeFiles/cmTC_440fc.dir/link.txt --verbose=1
/usr/bin/cc -O3 -DNDEBUG CMakeFiles/cmTC_440fc.dir/src.c.o -o cmTC_440fc 
make[1]: Leaving directory '/home/ydog/Desktop/3D-environment-reconstruction/include/opencv-4.5.1/CMakeFiles/CMakeTmp'


===== END =====

Build output check failed:
    Regex: 'unrecognized .*option'
    Output line: 'cc1plus: warning: unrecognized command line option ‘-Wno-unnamed-type-template-args’'
Compilation failed:
    source file: '/home/ydog/Desktop/3D-environment-reconstruction/include/opencv-4.5.1/CMakeFiles/CMakeTmp/src.cxx'
    check option: ' -fsigned-char -W -Wall -Werror=return-type -Werror=non-virtual-dtor -Werror=address -Werror=sequence-point -Wformat -Werror=format-security -Wmissing-declarations -Wundef -Winit-self -Wpointer-arith -Wshadow -Wsign-promo -Wuninitialized -Wsuggest-override -Wno-delete-non-virtual-dtor  -Wno-unnamed-type-template-args'
===== BUILD LOG =====
Change Dir: /home/ydog/Desktop/3D-environment-reconstruction/include/opencv-4.5.1/CMakeFiles/CMakeTmp

Run Build Command(s):/usr/bin/make cmTC_51f9e/fast && /usr/bin/make  -f CMakeFiles/cmTC_51f9e.dir/build.make CMakeFiles/cmTC_51f9e.dir/build
make[1]: Entering directory '/home/ydog/Desktop/3D-environment-reconstruction/include/opencv-4.5.1/CMakeFiles/CMakeTmp'
Building CXX object CMakeFiles/cmTC_51f9e.dir/src.cxx.o
/usr/bin/c++   -O3 -DNDEBUG -fPIE    -fsigned-char -W -Wall -Werror=return-type -Werror=non-virtual-dtor -Werror=address -Werror=sequence-point -Wformat -Werror=format-security -Wmissing-declarations -Wundef -Winit-self -Wpointer-arith -Wshadow -Wsign-promo -Wuninitialized -Wsuggest-override -Wno-delete-non-virtual-dtor  -Wno-unnamed-type-template-args -std=c++11 -o CMakeFiles/cmTC_51f9e.dir/src.cxx.o -c /home/ydog/Desktop/3D-environment-reconstruction/include/opencv-4.5.1/CMakeFiles/CMakeTmp/src.cxx
/home/ydog/Desktop/3D-environment-reconstruction/include/opencv-4.5.1/CMakeFiles/CMakeTmp/src.cxx:1: warning: ignoring #pragma   [-Wunknown-pragmas]
    1 | #pragma
      | 
cc1plus: warning: unrecognized command line option ‘-Wno-unnamed-type-template-args’
Linking CXX executable cmTC_51f9e
/snap/cmake/775/bin/cmake -E cmake_link_script CMakeFiles/cmTC_51f9e.dir/link.txt --verbose=1
/usr/bin/c++ -O3 -DNDEBUG CMakeFiles/cmTC_51f9e.dir/src.cxx.o -o cmTC_51f9e 
make[1]: Leaving directory '/home/ydog/Desktop/3D-environment-reconstruction/include/opencv-4.5.1/CMakeFiles/CMakeTmp'


===== END =====

Build output check failed:
    Regex: 'unrecognized .*option'
    Output line: 'cc1: warning: unrecognized command line option ‘-Wno-unnamed-type-template-args’'
Compilation failed:
    source file: '/home/ydog/Desktop/3D-environment-reconstruction/include/opencv-4.5.1/CMakeFiles/CMakeTmp/src.c'
    check option: ' -fsigned-char -W -Wall -Werror=return-type -Werror=address -Werror=sequence-point -Wformat -Werror=format-security -Wmissing-declarations -Wmissing-prototypes -Wstrict-prototypes -Wundef -Winit-self -Wpointer-arith -Wshadow -Wuninitialized  -Wno-unnamed-type-template-args'
===== BUILD LOG =====
Change Dir: /home/ydog/Desktop/3D-environment-reconstruction/include/opencv-4.5.1/CMakeFiles/CMakeTmp

Run Build Command(s):/usr/bin/make cmTC_4d617/fast && /usr/bin/make  -f CMakeFiles/cmTC_4d617.dir/build.make CMakeFiles/cmTC_4d617.dir/build
make[1]: Entering directory '/home/ydog/Desktop/3D-environment-reconstruction/include/opencv-4.5.1/CMakeFiles/CMakeTmp'
Building C object CMakeFiles/cmTC_4d617.dir/src.c.o
/usr/bin/cc   -O3 -DNDEBUG -fPIE    -fsigned-char -W -Wall -Werror=return-type -Werror=address -Werror=sequence-point -Wformat -Werror=format-security -Wmissing-declarations -Wmissing-prototypes -Wstrict-prototypes -Wundef -Winit-self -Wpointer-arith -Wshadow -Wuninitialized  -Wno-unnamed-type-template-args -o CMakeFiles/cmTC_4d617.dir/src.c.o -c /home/ydog/Desktop/3D-environment-reconstruction/include/opencv-4.5.1/CMakeFiles/CMakeTmp/src.c
/home/ydog/Desktop/3D-environment-reconstruction/include/opencv-4.5.1/CMakeFiles/CMakeTmp/src.c:1: warning: ignoring #pragma   [-Wunknown-pragmas]
    1 | #pragma
      | 
cc1: warning: unrecognized command line option ‘-Wno-unnamed-type-template-args’
Linking C executable cmTC_4d617
/snap/cmake/775/bin/cmake -E cmake_link_script CMakeFiles/cmTC_4d617.dir/link.txt --verbose=1
/usr/bin/cc -O3 -DNDEBUG CMakeFiles/cmTC_4d617.dir/src.c.o -o cmTC_4d617 
make[1]: Leaving directory '/home/ydog/Desktop/3D-environment-reconstruction/include/opencv-4.5.1/CMakeFiles/CMakeTmp'


===== END =====

Build output check failed:
    Regex: 'command[- ]line option .* is valid for .* but not for C'
    Output line: 'cc1: warning: command line option ‘-fvisibility-inlines-hidden’ is valid for C++/ObjC++ but not for C'
Compilation failed:
    source file: '/home/ydog/Desktop/3D-environment-reconstruction/include/opencv-4.5.1/CMakeFiles/CMakeTmp/src.c'
    check option: ' -fsigned-char -W -Wall -Werror=return-type -Werror=address -Werror=sequence-point -Wformat -Werror=format-security -Wmissing-declarations -Wmissing-prototypes -Wstrict-prototypes -Wundef -Winit-self -Wpointer-arith -Wshadow -Wuninitialized -Wno-comment -Wimplicit-fallthrough=3 -Wno-strict-overflow -fdiagnostics-show-option -Wno-long-long -pthread -fomit-frame-pointer -ffunction-sections -fdata-sections  -msse -msse2 -msse3 -fvisibility=hidden  -fvisibility-inlines-hidden'
===== BUILD LOG =====
Change Dir: /home/ydog/Desktop/3D-environment-reconstruction/include/opencv-4.5.1/CMakeFiles/CMakeTmp

Run Build Command(s):/usr/bin/make cmTC_057c3/fast && /usr/bin/make  -f CMakeFiles/cmTC_057c3.dir/build.make CMakeFiles/cmTC_057c3.dir/build
make[1]: Entering directory '/home/ydog/Desktop/3D-environment-reconstruction/include/opencv-4.5.1/CMakeFiles/CMakeTmp'
Building C object CMakeFiles/cmTC_057c3.dir/src.c.o
/usr/bin/cc   -O3 -DNDEBUG -fPIE    -fsigned-char -W -Wall -Werror=return-type -Werror=address -Werror=sequence-point -Wformat -Werror=format-security -Wmissing-declarations -Wmissing-prototypes -Wstrict-prototypes -Wundef -Winit-self -Wpointer-arith -Wshadow -Wuninitialized -Wno-comment -Wimplicit-fallthrough=3 -Wno-strict-overflow -fdiagnostics-show-option -Wno-long-long -pthread -fomit-frame-pointer -ffunction-sections -fdata-sections  -msse -msse2 -msse3 -fvisibility=hidden  -fvisibility-inlines-hidden -o CMakeFiles/cmTC_057c3.dir/src.c.o -c /home/ydog/Desktop/3D-environment-reconstruction/include/opencv-4.5.1/CMakeFiles/CMakeTmp/src.c
cc1: warning: command line option ‘-fvisibility-inlines-hidden’ is valid for C++/ObjC++ but not for C
/home/ydog/Desktop/3D-environment-reconstruction/include/opencv-4.5.1/CMakeFiles/CMakeTmp/src.c:1: warning: ignoring #pragma   [-Wunknown-pragmas]
    1 | #pragma
      | 
Linking C executable cmTC_057c3
/snap/cmake/775/bin/cmake -E cmake_link_script CMakeFiles/cmTC_057c3.dir/link.txt --verbose=1
/usr/bin/cc -O3 -DNDEBUG CMakeFiles/cmTC_057c3.dir/src.c.o -o cmTC_057c3 
make[1]: Leaving directory '/home/ydog/Desktop/3D-environment-reconstruction/include/opencv-4.5.1/CMakeFiles/CMakeTmp'


===== END =====

Build output check failed:
    Regex: 'unrecognized .*option'
    Output line: 'cc1: warning: unrecognized command line option ‘-Wno-shorten-64-to-32’'
Compilation failed:
    source file: '/home/ydog/Desktop/3D-environment-reconstruction/include/opencv-4.5.1/CMakeFiles/CMakeTmp/src.c'
    check option: ' -Wno-shorten-64-to-32'
===== BUILD LOG =====
Change Dir: /home/ydog/Desktop/3D-environment-reconstruction/include/opencv-4.5.1/CMakeFiles/CMakeTmp

Run Build Command(s):/usr/bin/make cmTC_6750c/fast && /usr/bin/make  -f CMakeFiles/cmTC_6750c.dir/build.make CMakeFiles/cmTC_6750c.dir/build
make[1]: Entering directory '/home/ydog/Desktop/3D-environment-reconstruction/include/opencv-4.5.1/CMakeFiles/CMakeTmp'
Building C object CMakeFiles/cmTC_6750c.dir/src.c.o
/usr/bin/cc   -fsigned-char -W -Wall -Werror=return-type -Werror=address -Werror=sequence-point -Wformat -Werror=format-security -Wmissing-declarations -Wmissing-prototypes -Wstrict-prototypes -Wundef -Winit-self -Wpointer-arith -Wshadow -Wuninitialized -Wno-comment -Wimplicit-fallthrough=3 -Wno-strict-overflow -fdiagnostics-show-option -Wno-long-long -pthread -fomit-frame-pointer -ffunction-sections -fdata-sections  -msse -msse2 -msse3 -fvisibility=hidden -Wno-unused-parameter -Wno-sign-compare  -O3 -DNDEBUG  -DNDEBUG -fPIE    -Wno-shorten-64-to-32 -o CMakeFiles/cmTC_6750c.dir/src.c.o -c /home/ydog/Desktop/3D-environment-reconstruction/include/opencv-4.5.1/CMakeFiles/CMakeTmp/src.c
/home/ydog/Desktop/3D-environment-reconstruction/include/opencv-4.5.1/CMakeFiles/CMakeTmp/src.c:1: warning: ignoring #pragma   [-Wunknown-pragmas]
    1 | #pragma
      | 
cc1: warning: unrecognized command line option ‘-Wno-shorten-64-to-32’
Linking C executable cmTC_6750c
/snap/cmake/775/bin/cmake -E cmake_link_script CMakeFiles/cmTC_6750c.dir/link.txt --verbose=1
/usr/bin/cc    -fsigned-char -W -Wall -Werror=return-type -Werror=address -Werror=sequence-point -Wformat -Werror=format-security -Wmissing-declarations -Wmissing-prototypes -Wstrict-prototypes -Wundef -Winit-self -Wpointer-arith -Wshadow -Wuninitialized -Wno-comment -Wimplicit-fallthrough=3 -Wno-strict-overflow -fdiagnostics-show-option -Wno-long-long -pthread -fomit-frame-pointer -ffunction-sections -fdata-sections  -msse -msse2 -msse3 -fvisibility=hidden -Wno-unused-parameter -Wno-sign-compare  -O3 -DNDEBUG  -DNDEBUG   -Wl,--gc-sections -Wl,--as-needed  CMakeFiles/cmTC_6750c.dir/src.c.o -o cmTC_6750c 
make[1]: Leaving directory '/home/ydog/Desktop/3D-environment-reconstruction/include/opencv-4.5.1/CMakeFiles/CMakeTmp'


===== END =====

Determining if the include file io.h exists failed with the following output:
Change Dir: /home/ydog/Desktop/3D-environment-reconstruction/include/opencv-4.5.1/CMakeFiles/CMakeTmp

Run Build Command(s):/usr/bin/make cmTC_acef8/fast && /usr/bin/make  -f CMakeFiles/cmTC_acef8.dir/build.make CMakeFiles/cmTC_acef8.dir/build
make[1]: Entering directory '/home/ydog/Desktop/3D-environment-reconstruction/include/opencv-4.5.1/CMakeFiles/CMakeTmp'
Building C object CMakeFiles/cmTC_acef8.dir/CheckIncludeFile.c.o
/usr/bin/cc   -fsigned-char -W -Wall -Werror=return-type -Werror=address -Werror=sequence-point -Wformat -Werror=format-security -Wmissing-declarations -Wmissing-prototypes -Wstrict-prototypes -Wundef -Winit-self -Wpointer-arith -Wshadow -Wuninitialized -Wno-comment -Wimplicit-fallthrough=3 -Wno-strict-overflow -fdiagnostics-show-option -Wno-long-long -pthread -fomit-frame-pointer -ffunction-sections -fdata-sections  -msse -msse2 -msse3 -fvisibility=hidden  -O3 -DNDEBUG  -DNDEBUG -fPIE -o CMakeFiles/cmTC_acef8.dir/CheckIncludeFile.c.o -c /home/ydog/Desktop/3D-environment-reconstruction/include/opencv-4.5.1/CMakeFiles/CMakeTmp/CheckIncludeFile.c
/home/ydog/Desktop/3D-environment-reconstruction/include/opencv-4.5.1/CMakeFiles/CMakeTmp/CheckIncludeFile.c:1:10: fatal error: io.h: No such file or directory
    1 | #include <io.h>
      |          ^~~~~~
compilation terminated.
make[1]: *** [CMakeFiles/cmTC_acef8.dir/build.make:85: CMakeFiles/cmTC_acef8.dir/CheckIncludeFile.c.o] Error 1
make[1]: Leaving directory '/home/ydog/Desktop/3D-environment-reconstruction/include/opencv-4.5.1/CMakeFiles/CMakeTmp'
make: *** [Makefile:140: cmTC_acef8/fast] Error 2



Determining size of INT8 failed with the following output:
Change Dir: /home/ydog/Desktop/3D-environment-reconstruction/include/opencv-4.5.1/CMakeFiles/CMakeTmp

Run Build Command(s):/usr/bin/make cmTC_2bbef/fast && /usr/bin/make  -f CMakeFiles/cmTC_2bbef.dir/build.make CMakeFiles/cmTC_2bbef.dir/build
make[1]: Entering directory '/home/ydog/Desktop/3D-environment-reconstruction/include/opencv-4.5.1/CMakeFiles/CMakeTmp'
Building C object CMakeFiles/cmTC_2bbef.dir/int8.c.o
/usr/bin/cc   -fsigned-char -W -Wall -Werror=return-type -Werror=address -Werror=sequence-point -Wformat -Werror=format-security -Wmissing-declarations -Wmissing-prototypes -Wstrict-prototypes -Wundef -Winit-self -Wpointer-arith -Wshadow -Wuninitialized -Wno-comment -Wimplicit-fallthrough=3 -Wno-strict-overflow -fdiagnostics-show-option -Wno-long-long -pthread -fomit-frame-pointer -ffunction-sections -fdata-sections  -msse -msse2 -msse3 -fvisibility=hidden  -O3 -DNDEBUG  -DNDEBUG -fPIE -o CMakeFiles/cmTC_2bbef.dir/int8.c.o -c /home/ydog/Desktop/3D-environment-reconstruction/include/opencv-4.5.1/CMakeFiles/CheckTypeSize/int8.c
/home/ydog/Desktop/3D-environment-reconstruction/include/opencv-4.5.1/CMakeFiles/CheckTypeSize/int8.c:27:22: error: ‘INT8’ undeclared here (not in a function); did you mean ‘INT8_C’?
   27 | #define SIZE (sizeof(INT8))
      |                      ^~~~
/home/ydog/Desktop/3D-environment-reconstruction/include/opencv-4.5.1/CMakeFiles/CheckTypeSize/int8.c:29:12: note: in expansion of macro ‘SIZE’
   29 |   ('0' + ((SIZE / 10000)%10)),
      |            ^~~~
make[1]: *** [CMakeFiles/cmTC_2bbef.dir/build.make:85: CMakeFiles/cmTC_2bbef.dir/int8.c.o] Error 1
make[1]: Leaving directory '/home/ydog/Desktop/3D-environment-reconstruction/include/opencv-4.5.1/CMakeFiles/CMakeTmp'
make: *** [Makefile:140: cmTC_2bbef/fast] Error 2


/home/ydog/Desktop/3D-environment-reconstruction/include/opencv-4.5.1/CMakeFiles/CheckTypeSize/int8.c:
#include <sys/types.h>
#include <stdint.h>
#include <stddef.h>


#undef KEY
#if defined(__i386)
# define KEY '_','_','i','3','8','6'
#elif defined(__x86_64)
# define KEY '_','_','x','8','6','_','6','4'
#elif defined(__PPC64__)
# define KEY '_','_','P','P','C','6','4','_','_'
#elif defined(__ppc64__)
# define KEY '_','_','p','p','c','6','4','_','_'
#elif defined(__PPC__)
# define KEY '_','_','P','P','C','_','_'
#elif defined(__ppc__)
# define KEY '_','_','p','p','c','_','_'
#elif defined(__aarch64__)
# define KEY '_','_','a','a','r','c','h','6','4','_','_'
#elif defined(__ARM_ARCH_7A__)
# define KEY '_','_','A','R','M','_','A','R','C','H','_','7','A','_','_'
#elif defined(__ARM_ARCH_7S__)
# define KEY '_','_','A','R','M','_','A','R','C','H','_','7','S','_','_'
#endif

#define SIZE (sizeof(INT8))
static char info_size[] =  {'I', 'N', 'F', 'O', ':', 's','i','z','e','[',
  ('0' + ((SIZE / 10000)%10)),
  ('0' + ((SIZE / 1000)%10)),
  ('0' + ((SIZE / 100)%10)),
  ('0' + ((SIZE / 10)%10)),
  ('0' +  (SIZE    % 10)),
  ']',
#ifdef KEY
  ' ','k','e','y','[', KEY, ']',
#endif
  '\0'};

#ifdef __CLASSIC_C__
int main(argc, argv) int argc; char *argv[];
#else
int main(int argc, char *argv[])
#endif
{
  int require = 0;
  require += info_size[argc];
  (void)argv;
  return require;
}


Determining size of INT16 failed with the following output:
Change Dir: /home/ydog/Desktop/3D-environment-reconstruction/include/opencv-4.5.1/CMakeFiles/CMakeTmp

Run Build Command(s):/usr/bin/make cmTC_662a1/fast && /usr/bin/make  -f CMakeFiles/cmTC_662a1.dir/build.make CMakeFiles/cmTC_662a1.dir/build
make[1]: Entering directory '/home/ydog/Desktop/3D-environment-reconstruction/include/opencv-4.5.1/CMakeFiles/CMakeTmp'
Building C object CMakeFiles/cmTC_662a1.dir/int16.c.o
/usr/bin/cc   -fsigned-char -W -Wall -Werror=return-type -Werror=address -Werror=sequence-point -Wformat -Werror=format-security -Wmissing-declarations -Wmissing-prototypes -Wstrict-prototypes -Wundef -Winit-self -Wpointer-arith -Wshadow -Wuninitialized -Wno-comment -Wimplicit-fallthrough=3 -Wno-strict-overflow -fdiagnostics-show-option -Wno-long-long -pthread -fomit-frame-pointer -ffunction-sections -fdata-sections  -msse -msse2 -msse3 -fvisibility=hidden  -O3 -DNDEBUG  -DNDEBUG -fPIE -o CMakeFiles/cmTC_662a1.dir/int16.c.o -c /home/ydog/Desktop/3D-environment-reconstruction/include/opencv-4.5.1/CMakeFiles/CheckTypeSize/int16.c
/home/ydog/Desktop/3D-environment-reconstruction/include/opencv-4.5.1/CMakeFiles/CheckTypeSize/int16.c:27:22: error: ‘INT16’ undeclared here (not in a function); did you mean ‘INT16_C’?
   27 | #define SIZE (sizeof(INT16))
      |                      ^~~~~
/home/ydog/Desktop/3D-environment-reconstruction/include/opencv-4.5.1/CMakeFiles/CheckTypeSize/int16.c:29:12: note: in expansion of macro ‘SIZE’
   29 |   ('0' + ((SIZE / 10000)%10)),
      |            ^~~~
make[1]: *** [CMakeFiles/cmTC_662a1.dir/build.make:85: CMakeFiles/cmTC_662a1.dir/int16.c.o] Error 1
make[1]: Leaving directory '/home/ydog/Desktop/3D-environment-reconstruction/include/opencv-4.5.1/CMakeFiles/CMakeTmp'
make: *** [Makefile:140: cmTC_662a1/fast] Error 2


/home/ydog/Desktop/3D-environment-reconstruction/include/opencv-4.5.1/CMakeFiles/CheckTypeSize/int16.c:
#include <sys/types.h>
#include <stdint.h>
#include <stddef.h>


#undef KEY
#if defined(__i386)
# define KEY '_','_','i','3','8','6'
#elif defined(__x86_64)
# define KEY '_','_','x','8','6','_','6','4'
#elif defined(__PPC64__)
# define KEY '_','_','P','P','C','6','4','_','_'
#elif defined(__ppc64__)
# define KEY '_','_','p','p','c','6','4','_','_'
#elif defined(__PPC__)
# define KEY '_','_','P','P','C','_','_'
#elif defined(__ppc__)
# define KEY '_','_','p','p','c','_','_'
#elif defined(__aarch64__)
# define KEY '_','_','a','a','r','c','h','6','4','_','_'
#elif defined(__ARM_ARCH_7A__)
# define KEY '_','_','A','R','M','_','A','R','C','H','_','7','A','_','_'
#elif defined(__ARM_ARCH_7S__)
# define KEY '_','_','A','R','M','_','A','R','C','H','_','7','S','_','_'
#endif

#define SIZE (sizeof(INT16))
static char info_size[] =  {'I', 'N', 'F', 'O', ':', 's','i','z','e','[',
  ('0' + ((SIZE / 10000)%10)),
  ('0' + ((SIZE / 1000)%10)),
  ('0' + ((SIZE / 100)%10)),
  ('0' + ((SIZE / 10)%10)),
  ('0' +  (SIZE    % 10)),
  ']',
#ifdef KEY
  ' ','k','e','y','[', KEY, ']',
#endif
  '\0'};

#ifdef __CLASSIC_C__
int main(argc, argv) int argc; char *argv[];
#else
int main(int argc, char *argv[])
#endif
{
  int require = 0;
  require += info_size[argc];
  (void)argv;
  return require;
}


Determining size of INT32 failed with the following output:
Change Dir: /home/ydog/Desktop/3D-environment-reconstruction/include/opencv-4.5.1/CMakeFiles/CMakeTmp

Run Build Command(s):/usr/bin/make cmTC_760bf/fast && /usr/bin/make  -f CMakeFiles/cmTC_760bf.dir/build.make CMakeFiles/cmTC_760bf.dir/build
make[1]: Entering directory '/home/ydog/Desktop/3D-environment-reconstruction/include/opencv-4.5.1/CMakeFiles/CMakeTmp'
Building C object CMakeFiles/cmTC_760bf.dir/int32.c.o
/usr/bin/cc   -fsigned-char -W -Wall -Werror=return-type -Werror=address -Werror=sequence-point -Wformat -Werror=format-security -Wmissing-declarations -Wmissing-prototypes -Wstrict-prototypes -Wundef -Winit-self -Wpointer-arith -Wshadow -Wuninitialized -Wno-comment -Wimplicit-fallthrough=3 -Wno-strict-overflow -fdiagnostics-show-option -Wno-long-long -pthread -fomit-frame-pointer -ffunction-sections -fdata-sections  -msse -msse2 -msse3 -fvisibility=hidden  -O3 -DNDEBUG  -DNDEBUG -fPIE -o CMakeFiles/cmTC_760bf.dir/int32.c.o -c /home/ydog/Desktop/3D-environment-reconstruction/include/opencv-4.5.1/CMakeFiles/CheckTypeSize/int32.c
/home/ydog/Desktop/3D-environment-reconstruction/include/opencv-4.5.1/CMakeFiles/CheckTypeSize/int32.c:27:22: error: ‘INT32’ undeclared here (not in a function); did you mean ‘INT32_C’?
   27 | #define SIZE (sizeof(INT32))
      |                      ^~~~~
/home/ydog/Desktop/3D-environment-reconstruction/include/opencv-4.5.1/CMakeFiles/CheckTypeSize/int32.c:29:12: note: in expansion of macro ‘SIZE’
   29 |   ('0' + ((SIZE / 10000)%10)),
      |            ^~~~
make[1]: *** [CMakeFiles/cmTC_760bf.dir/build.make:85: CMakeFiles/cmTC_760bf.dir/int32.c.o] Error 1
make[1]: Leaving directory '/home/ydog/Desktop/3D-environment-reconstruction/include/opencv-4.5.1/CMakeFiles/CMakeTmp'
make: *** [Makefile:140: cmTC_760bf/fast] Error 2


/home/ydog/Desktop/3D-environment-reconstruction/include/opencv-4.5.1/CMakeFiles/CheckTypeSize/int32.c:
#include <sys/types.h>
#include <stdint.h>
#include <stddef.h>


#undef KEY
#if defined(__i386)
# define KEY '_','_','i','3','8','6'
#elif defined(__x86_64)
# define KEY '_','_','x','8','6','_','6','4'
#elif defined(__PPC64__)
# define KEY '_','_','P','P','C','6','4','_','_'
#elif defined(__ppc64__)
# define KEY '_','_','p','p','c','6','4','_','_'
#elif defined(__PPC__)
# define KEY '_','_','P','P','C','_','_'
#elif defined(__ppc__)
# define KEY '_','_','p','p','c','_','_'
#elif defined(__aarch64__)
# define KEY '_','_','a','a','r','c','h','6','4','_','_'
#elif defined(__ARM_ARCH_7A__)
# define KEY '_','_','A','R','M','_','A','R','C','H','_','7','A','_','_'
#elif defined(__ARM_ARCH_7S__)
# define KEY '_','_','A','R','M','_','A','R','C','H','_','7','S','_','_'
#endif

#define SIZE (sizeof(INT32))
static char info_size[] =  {'I', 'N', 'F', 'O', ':', 's','i','z','e','[',
  ('0' + ((SIZE / 10000)%10)),
  ('0' + ((SIZE / 1000)%10)),
  ('0' + ((SIZE / 100)%10)),
  ('0' + ((SIZE / 10)%10)),
  ('0' +  (SIZE    % 10)),
  ']',
#ifdef KEY
  ' ','k','e','y','[', KEY, ']',
#endif
  '\0'};

#ifdef __CLASSIC_C__
int main(argc, argv) int argc; char *argv[];
#else
int main(int argc, char *argv[])
#endif
{
  int require = 0;
  require += info_size[argc];
  (void)argv;
  return require;
}


Determining if the function setmode exists failed with the following output:
Change Dir: /home/ydog/Desktop/3D-environment-reconstruction/include/opencv-4.5.1/CMakeFiles/CMakeTmp

Run Build Command(s):/usr/bin/make cmTC_ebf2a/fast && /usr/bin/make  -f CMakeFiles/cmTC_ebf2a.dir/build.make CMakeFiles/cmTC_ebf2a.dir/build
make[1]: Entering directory '/home/ydog/Desktop/3D-environment-reconstruction/include/opencv-4.5.1/CMakeFiles/CMakeTmp'
Building C object CMakeFiles/cmTC_ebf2a.dir/CheckFunctionExists.c.o
/usr/bin/cc   -fsigned-char -W -Wall -Werror=return-type -Werror=address -Werror=sequence-point -Wformat -Werror=format-security -Wmissing-declarations -Wmissing-prototypes -Wstrict-prototypes -Wundef -Winit-self -Wpointer-arith -Wshadow -Wuninitialized -Wno-comment -Wimplicit-fallthrough=3 -Wno-strict-overflow -fdiagnostics-show-option -Wno-long-long -pthread -fomit-frame-pointer -ffunction-sections -fdata-sections  -msse -msse2 -msse3 -fvisibility=hidden -DCHECK_FUNCTION_EXISTS=setmode -O3 -DNDEBUG  -DNDEBUG -fPIE -o CMakeFiles/cmTC_ebf2a.dir/CheckFunctionExists.c.o -c /snap/cmake/775/share/cmake-3.19/Modules/CheckFunctionExists.c
Linking C executable cmTC_ebf2a
/snap/cmake/775/bin/cmake -E cmake_link_script CMakeFiles/cmTC_ebf2a.dir/link.txt --verbose=1
/usr/bin/cc    -fsigned-char -W -Wall -Werror=return-type -Werror=address -Werror=sequence-point -Wformat -Werror=format-security -Wmissing-declarations -Wmissing-prototypes -Wstrict-prototypes -Wundef -Winit-self -Wpointer-arith -Wshadow -Wuninitialized -Wno-comment -Wimplicit-fallthrough=3 -Wno-strict-overflow -fdiagnostics-show-option -Wno-long-long -pthread -fomit-frame-pointer -ffunction-sections -fdata-sections  -msse -msse2 -msse3 -fvisibility=hidden -DCHECK_FUNCTION_EXISTS=setmode -O3 -DNDEBUG  -DNDEBUG   -Wl,--gc-sections -Wl,--as-needed  CMakeFiles/cmTC_ebf2a.dir/CheckFunctionExists.c.o -o cmTC_ebf2a 
/usr/bin/ld: CMakeFiles/cmTC_ebf2a.dir/CheckFunctionExists.c.o: in function `main':
CheckFunctionExists.c:(.text.startup.main+0x10): undefined reference to `setmode'
collect2: error: ld returned 1 exit status
make[1]: *** [CMakeFiles/cmTC_ebf2a.dir/build.make:106: cmTC_ebf2a] Error 1
make[1]: Leaving directory '/home/ydog/Desktop/3D-environment-reconstruction/include/opencv-4.5.1/CMakeFiles/CMakeTmp'
make: *** [Makefile:140: cmTC_ebf2a/fast] Error 2



Build output check failed:
    Regex: 'command[- ]line option .* is valid for .* but not for C\+\+'
    Output line: 'cc1plus: warning: command line option ‘-Wno-missing-prototypes’ is valid for C/ObjC but not for C++'
Compilation failed:
    source file: '/home/ydog/Desktop/3D-environment-reconstruction/include/opencv-4.5.1/CMakeFiles/CMakeTmp/src.cxx'
    check option: ' -Wno-missing-prototypes'
===== BUILD LOG =====
Change Dir: /home/ydog/Desktop/3D-environment-reconstruction/include/opencv-4.5.1/CMakeFiles/CMakeTmp

Run Build Command(s):/usr/bin/make cmTC_49a82/fast && /usr/bin/make  -f CMakeFiles/cmTC_49a82.dir/build.make CMakeFiles/cmTC_49a82.dir/build
make[1]: Entering directory '/home/ydog/Desktop/3D-environment-reconstruction/include/opencv-4.5.1/CMakeFiles/CMakeTmp'
Building CXX object CMakeFiles/cmTC_49a82.dir/src.cxx.o
/usr/bin/c++   -fsigned-char -W -Wall -Werror=return-type -Werror=non-virtual-dtor -Werror=address -Werror=sequence-point -Wformat -Werror=format-security -Wundef -Winit-self -Wpointer-arith -Wshadow -Wsign-promo -Wuninitialized -Wsuggest-override -Wno-delete-non-virtual-dtor -Wno-comment -Wimplicit-fallthrough=3 -Wno-strict-overflow -fdiagnostics-show-option -Wno-long-long -pthread -fomit-frame-pointer -ffunction-sections -fdata-sections  -msse -msse2 -msse3 -fvisibility=hidden -fvisibility-inlines-hidden -Wno-missing-declarations -Wno-unused-parameter  -O3 -DNDEBUG  -DNDEBUG -fPIE    -Wno-missing-prototypes -std=c++11 -o CMakeFiles/cmTC_49a82.dir/src.cxx.o -c /home/ydog/Desktop/3D-environment-reconstruction/include/opencv-4.5.1/CMakeFiles/CMakeTmp/src.cxx
cc1plus: warning: command line option ‘-Wno-missing-prototypes’ is valid for C/ObjC but not for C++
/home/ydog/Desktop/3D-environment-reconstruction/include/opencv-4.5.1/CMakeFiles/CMakeTmp/src.cxx:1: warning: ignoring #pragma   [-Wunknown-pragmas]
    1 | #pragma
      | 
Linking CXX executable cmTC_49a82
/snap/cmake/775/bin/cmake -E cmake_link_script CMakeFiles/cmTC_49a82.dir/link.txt --verbose=1
/usr/bin/c++    -fsigned-char -W -Wall -Werror=return-type -Werror=non-virtual-dtor -Werror=address -Werror=sequence-point -Wformat -Werror=format-security -Wundef -Winit-self -Wpointer-arith -Wshadow -Wsign-promo -Wuninitialized -Wsuggest-override -Wno-delete-non-virtual-dtor -Wno-comment -Wimplicit-fallthrough=3 -Wno-strict-overflow -fdiagnostics-show-option -Wno-long-long -pthread -fomit-frame-pointer -ffunction-sections -fdata-sections  -msse -msse2 -msse3 -fvisibility=hidden -fvisibility-inlines-hidden -Wno-missing-declarations -Wno-unused-parameter  -O3 -DNDEBUG  -DNDEBUG   -Wl,--gc-sections -Wl,--as-needed  CMakeFiles/cmTC_49a82.dir/src.cxx.o -o cmTC_49a82 
make[1]: Leaving directory '/home/ydog/Desktop/3D-environment-reconstruction/include/opencv-4.5.1/CMakeFiles/CMakeTmp'


===== END =====

Build output check failed:
    Regex: 'unrecognized .*option'
    Output line: 'cc1: warning: unrecognized command line option ‘-Wno-implicit-const-int-float-conversion’'
Compilation failed:
    source file: '/home/ydog/Desktop/3D-environment-reconstruction/include/opencv-4.5.1/CMakeFiles/CMakeTmp/src.c'
    check option: ' -Wno-implicit-const-int-float-conversion'
===== BUILD LOG =====
Change Dir: /home/ydog/Desktop/3D-environment-reconstruction/include/opencv-4.5.1/CMakeFiles/CMakeTmp

Run Build Command(s):/usr/bin/make cmTC_16964/fast && /usr/bin/make  -f CMakeFiles/cmTC_16964.dir/build.make CMakeFiles/cmTC_16964.dir/build
make[1]: Entering directory '/home/ydog/Desktop/3D-environment-reconstruction/include/opencv-4.5.1/CMakeFiles/CMakeTmp'
Building C object CMakeFiles/cmTC_16964.dir/src.c.o
/usr/bin/cc   -fsigned-char -W -Wall -Werror=return-type -Werror=address -Werror=sequence-point -Wformat -Werror=format-security -Wmissing-declarations -Wmissing-prototypes -Wstrict-prototypes -Wundef -Winit-self -Wpointer-arith -Wshadow -Wuninitialized -Wno-comment -Wimplicit-fallthrough=3 -Wno-strict-overflow -fdiagnostics-show-option -Wno-long-long -pthread -fomit-frame-pointer -ffunction-sections -fdata-sections  -msse -msse2 -msse3 -fvisibility=hidden  -O3 -DNDEBUG  -DNDEBUG -fPIE    -Wno-implicit-const-int-float-conversion -o CMakeFiles/cmTC_16964.dir/src.c.o -c /home/ydog/Desktop/3D-environment-reconstruction/include/opencv-4.5.1/CMakeFiles/CMakeTmp/src.c
/home/ydog/Desktop/3D-environment-reconstruction/include/opencv-4.5.1/CMakeFiles/CMakeTmp/src.c:1: warning: ignoring #pragma   [-Wunknown-pragmas]
    1 | #pragma
      | 
cc1: warning: unrecognized command line option ‘-Wno-implicit-const-int-float-conversion’
Linking C executable cmTC_16964
/snap/cmake/775/bin/cmake -E cmake_link_script CMakeFiles/cmTC_16964.dir/link.txt --verbose=1
/usr/bin/cc    -fsigned-char -W -Wall -Werror=return-type -Werror=address -Werror=sequence-point -Wformat -Werror=format-security -Wmissing-declarations -Wmissing-prototypes -Wstrict-prototypes -Wundef -Winit-self -Wpointer-arith -Wshadow -Wuninitialized -Wno-comment -Wimplicit-fallthrough=3 -Wno-strict-overflow -fdiagnostics-show-option -Wno-long-long -pthread -fomit-frame-pointer -ffunction-sections -fdata-sections  -msse -msse2 -msse3 -fvisibility=hidden  -O3 -DNDEBUG  -DNDEBUG   -Wl,--gc-sections -Wl,--as-needed  CMakeFiles/cmTC_16964.dir/src.c.o -o cmTC_16964 
make[1]: Leaving directory '/home/ydog/Desktop/3D-environment-reconstruction/include/opencv-4.5.1/CMakeFiles/CMakeTmp'


===== END =====

Determining if the _aligned_malloc exist failed with the following output:
Change Dir: /home/ydog/Desktop/3D-environment-reconstruction/include/opencv-4.5.1/CMakeFiles/CMakeTmp

Run Build Command(s):/usr/bin/make cmTC_6926a/fast && /usr/bin/make  -f CMakeFiles/cmTC_6926a.dir/build.make CMakeFiles/cmTC_6926a.dir/build
make[1]: Entering directory '/home/ydog/Desktop/3D-environment-reconstruction/include/opencv-4.5.1/CMakeFiles/CMakeTmp'
Building C object CMakeFiles/cmTC_6926a.dir/CheckSymbolExists.c.o
/usr/bin/cc   -fsigned-char -W -Wall -Werror=return-type -Werror=address -Werror=sequence-point -Wformat -Werror=format-security -Wmissing-declarations -Wmissing-prototypes -Wstrict-prototypes -Wundef -Winit-self -Wpointer-arith -Wshadow -Wuninitialized -Wno-comment -Wimplicit-fallthrough=3 -Wno-strict-overflow -fdiagnostics-show-option -Wno-long-long -pthread -fomit-frame-pointer -ffunction-sections -fdata-sections  -msse -msse2 -msse3 -fvisibility=hidden  -O3 -DNDEBUG  -DNDEBUG -fPIE -o CMakeFiles/cmTC_6926a.dir/CheckSymbolExists.c.o -c /home/ydog/Desktop/3D-environment-reconstruction/include/opencv-4.5.1/CMakeFiles/CMakeTmp/CheckSymbolExists.c
/home/ydog/Desktop/3D-environment-reconstruction/include/opencv-4.5.1/CMakeFiles/CMakeTmp/CheckSymbolExists.c: In function ‘main’:
/home/ydog/Desktop/3D-environment-reconstruction/include/opencv-4.5.1/CMakeFiles/CMakeTmp/CheckSymbolExists.c:8:19: error: ‘_aligned_malloc’ undeclared (first use in this function)
    8 |   return ((int*)(&_aligned_malloc))[argc];
      |                   ^~~~~~~~~~~~~~~
/home/ydog/Desktop/3D-environment-reconstruction/include/opencv-4.5.1/CMakeFiles/CMakeTmp/CheckSymbolExists.c:8:19: note: each undeclared identifier is reported only once for each function it appears in
/home/ydog/Desktop/3D-environment-reconstruction/include/opencv-4.5.1/CMakeFiles/CMakeTmp/CheckSymbolExists.c:4:14: warning: parameter ‘argc’ set but not used [-Wunused-but-set-parameter]
    4 | int main(int argc, char** argv)
      |          ~~~~^~~~
make[1]: *** [CMakeFiles/cmTC_6926a.dir/build.make:85: CMakeFiles/cmTC_6926a.dir/CheckSymbolExists.c.o] Error 1
make[1]: Leaving directory '/home/ydog/Desktop/3D-environment-reconstruction/include/opencv-4.5.1/CMakeFiles/CMakeTmp'
make: *** [Makefile:140: cmTC_6926a/fast] Error 2


File /home/ydog/Desktop/3D-environment-reconstruction/include/opencv-4.5.1/CMakeFiles/CMakeTmp/CheckSymbolExists.c:
/* */
#include <malloc.h>

int main(int argc, char** argv)
{
  (void)argv;
#ifndef _aligned_malloc
  return ((int*)(&_aligned_malloc))[argc];
#else
  (void)argc;
  return 0;
#endif
}
Build output check failed:
    Regex: 'unrecognized .*option'
    Output line: 'cc1plus: warning: unrecognized command line option ‘-Wno-inconsistent-missing-override’'
Compilation failed:
    source file: '/home/ydog/Desktop/3D-environment-reconstruction/include/opencv-4.5.1/CMakeFiles/CMakeTmp/src.cxx'
    check option: ' -Wno-inconsistent-missing-override'
===== BUILD LOG =====
Change Dir: /home/ydog/Desktop/3D-environment-reconstruction/include/opencv-4.5.1/CMakeFiles/CMakeTmp

Run Build Command(s):/usr/bin/make cmTC_01964/fast && /usr/bin/make  -f CMakeFiles/cmTC_01964.dir/build.make CMakeFiles/cmTC_01964.dir/build
make[1]: Entering directory '/home/ydog/Desktop/3D-environment-reconstruction/include/opencv-4.5.1/CMakeFiles/CMakeTmp'
Building CXX object CMakeFiles/cmTC_01964.dir/src.cxx.o
/usr/bin/c++   -fsigned-char -W -Wall -Werror=return-type -Werror=non-virtual-dtor -Werror=address -Werror=sequence-point -Wformat -Werror=format-security -Winit-self -Wpointer-arith -Wsign-promo -Wno-delete-non-virtual-dtor -Wno-comment -Wimplicit-fallthrough=3 -Wno-strict-overflow -fdiagnostics-show-option -Wno-long-long -pthread -fomit-frame-pointer -ffunction-sections -fdata-sections  -msse -msse2 -msse3 -fvisibility=hidden -fvisibility-inlines-hidden -Wno-shadow -Wno-unused -Wno-sign-compare -Wno-undef -Wno-missing-declarations -Wno-uninitialized -Wno-switch -Wno-parentheses -Wno-array-bounds -Wno-extra -Wno-deprecated-declarations -Wno-misleading-indentation -Wno-deprecated -Wno-suggest-override  -O3 -DNDEBUG  -DNDEBUG -fPIE    -Wno-inconsistent-missing-override -std=c++11 -o CMakeFiles/cmTC_01964.dir/src.cxx.o -c /home/ydog/Desktop/3D-environment-reconstruction/include/opencv-4.5.1/CMakeFiles/CMakeTmp/src.cxx
/home/ydog/Desktop/3D-environment-reconstruction/include/opencv-4.5.1/CMakeFiles/CMakeTmp/src.cxx:1: warning: ignoring #pragma   [-Wunknown-pragmas]
    1 | #pragma
      | 
cc1plus: warning: unrecognized command line option ‘-Wno-inconsistent-missing-override’
Linking CXX executable cmTC_01964
/snap/cmake/775/bin/cmake -E cmake_link_script CMakeFiles/cmTC_01964.dir/link.txt --verbose=1
/usr/bin/c++    -fsigned-char -W -Wall -Werror=return-type -Werror=non-virtual-dtor -Werror=address -Werror=sequence-point -Wformat -Werror=format-security -Winit-self -Wpointer-arith -Wsign-promo -Wno-delete-non-virtual-dtor -Wno-comment -Wimplicit-fallthrough=3 -Wno-strict-overflow -fdiagnostics-show-option -Wno-long-long -pthread -fomit-frame-pointer -ffunction-sections -fdata-sections  -msse -msse2 -msse3 -fvisibility=hidden -fvisibility-inlines-hidden -Wno-shadow -Wno-unused -Wno-sign-compare -Wno-undef -Wno-missing-declarations -Wno-uninitialized -Wno-switch -Wno-parentheses -Wno-array-bounds -Wno-extra -Wno-deprecated-declarations -Wno-misleading-indentation -Wno-deprecated -Wno-suggest-override  -O3 -DNDEBUG  -DNDEBUG   -Wl,--gc-sections -Wl,--as-needed  CMakeFiles/cmTC_01964.dir/src.cxx.o -o cmTC_01964 
make[1]: Leaving directory '/home/ydog/Desktop/3D-environment-reconstruction/include/opencv-4.5.1/CMakeFiles/CMakeTmp'


===== END =====

Build output check failed:
    Regex: 'unrecognized .*option'
    Output line: 'cc1plus: warning: unrecognized command line option ‘-Wno-implicit-const-int-float-conversion’'
Compilation failed:
    source file: '/home/ydog/Desktop/3D-environment-reconstruction/include/opencv-4.5.1/CMakeFiles/CMakeTmp/src.cxx'
    check option: ' -Wno-implicit-const-int-float-conversion'
===== BUILD LOG =====
Change Dir: /home/ydog/Desktop/3D-environment-reconstruction/include/opencv-4.5.1/CMakeFiles/CMakeTmp

Run Build Command(s):/usr/bin/make cmTC_85590/fast && /usr/bin/make  -f CMakeFiles/cmTC_85590.dir/build.make CMakeFiles/cmTC_85590.dir/build
make[1]: Entering directory '/home/ydog/Desktop/3D-environment-reconstruction/include/opencv-4.5.1/CMakeFiles/CMakeTmp'
Building CXX object CMakeFiles/cmTC_85590.dir/src.cxx.o
/usr/bin/c++   -fsigned-char -W -Wall -Werror=return-type -Werror=non-virtual-dtor -Werror=address -Werror=sequence-point -Wformat -Werror=format-security -Winit-self -Wpointer-arith -Wsign-promo -Wno-delete-non-virtual-dtor -Wno-comment -Wno-strict-overflow -fdiagnostics-show-option -Wno-long-long -pthread -fomit-frame-pointer -ffunction-sections -fdata-sections  -msse -msse2 -msse3 -fvisibility=hidden -fvisibility-inlines-hidden -Wno-shadow -Wno-unused -Wno-sign-compare -Wno-undef -Wno-missing-declarations -Wno-uninitialized -Wno-switch -Wno-parentheses -Wno-array-bounds -Wno-extra -Wno-deprecated-declarations -Wno-misleading-indentation -Wno-deprecated -Wno-suggest-override -Wno-implicit-fallthrough -Wno-tautological-compare -Wno-reorder -Wno-unused-result  -O3 -DNDEBUG  -DNDEBUG -fPIE    -Wno-implicit-const-int-float-conversion -std=c++11 -o CMakeFiles/cmTC_85590.dir/src.cxx.o -c /home/ydog/Desktop/3D-environment-reconstruction/include/opencv-4.5.1/CMakeFiles/CMakeTmp/src.cxx
/home/ydog/Desktop/3D-environment-reconstruction/include/opencv-4.5.1/CMakeFiles/CMakeTmp/src.cxx:1: warning: ignoring #pragma   [-Wunknown-pragmas]
    1 | #pragma
      | 
cc1plus: warning: unrecognized command line option ‘-Wno-implicit-const-int-float-conversion’
Linking CXX executable cmTC_85590
/snap/cmake/775/bin/cmake -E cmake_link_script CMakeFiles/cmTC_85590.dir/link.txt --verbose=1
/usr/bin/c++    -fsigned-char -W -Wall -Werror=return-type -Werror=non-virtual-dtor -Werror=address -Werror=sequence-point -Wformat -Werror=format-security -Winit-self -Wpointer-arith -Wsign-promo -Wno-delete-non-virtual-dtor -Wno-comment -Wno-strict-overflow -fdiagnostics-show-option -Wno-long-long -pthread -fomit-frame-pointer -ffunction-sections -fdata-sections  -msse -msse2 -msse3 -fvisibility=hidden -fvisibility-inlines-hidden -Wno-shadow -Wno-unused -Wno-sign-compare -Wno-undef -Wno-missing-declarations -Wno-uninitialized -Wno-switch -Wno-parentheses -Wno-array-bounds -Wno-extra -Wno-deprecated-declarations -Wno-misleading-indentation -Wno-deprecated -Wno-suggest-override -Wno-implicit-fallthrough -Wno-tautological-compare -Wno-reorder -Wno-unused-result  -O3 -DNDEBUG  -DNDEBUG   -Wl,--gc-sections -Wl,--as-needed  CMakeFiles/cmTC_85590.dir/src.cxx.o -o cmTC_85590 
make[1]: Leaving directory '/home/ydog/Desktop/3D-environment-reconstruction/include/opencv-4.5.1/CMakeFiles/CMakeTmp'


===== END =====

Determining if the function sgemm_ exists failed with the following output:
Change Dir: /home/ydog/Desktop/3D-environment-reconstruction/include/opencv-4.5.1/CMakeFiles/CMakeTmp

Run Build Command(s):/usr/bin/make cmTC_e51ad/fast && /usr/bin/make  -f CMakeFiles/cmTC_e51ad.dir/build.make CMakeFiles/cmTC_e51ad.dir/build
make[1]: Entering directory '/home/ydog/Desktop/3D-environment-reconstruction/include/opencv-4.5.1/CMakeFiles/CMakeTmp'
Building C object CMakeFiles/cmTC_e51ad.dir/CheckFunctionExists.c.o
/usr/bin/cc   -fsigned-char -W -Wall -Werror=return-type -Werror=address -Werror=sequence-point -Wformat -Werror=format-security -Wmissing-declarations -Wmissing-prototypes -Wstrict-prototypes -Wundef -Winit-self -Wpointer-arith -Wshadow -Wuninitialized -Wno-comment -Wimplicit-fallthrough=3 -Wno-strict-overflow -fdiagnostics-show-option -Wno-long-long -pthread -fomit-frame-pointer -ffunction-sections -fdata-sections  -msse -msse2 -msse3 -fvisibility=hidden -DCHECK_FUNCTION_EXISTS=sgemm_ -O3 -DNDEBUG  -DNDEBUG -fPIE -o CMakeFiles/cmTC_e51ad.dir/CheckFunctionExists.c.o -c /snap/cmake/775/share/cmake-3.19/Modules/CheckFunctionExists.c
Linking C executable cmTC_e51ad
/snap/cmake/775/bin/cmake -E cmake_link_script CMakeFiles/cmTC_e51ad.dir/link.txt --verbose=1
/usr/bin/cc    -fsigned-char -W -Wall -Werror=return-type -Werror=address -Werror=sequence-point -Wformat -Werror=format-security -Wmissing-declarations -Wmissing-prototypes -Wstrict-prototypes -Wundef -Winit-self -Wpointer-arith -Wshadow -Wuninitialized -Wno-comment -Wimplicit-fallthrough=3 -Wno-strict-overflow -fdiagnostics-show-option -Wno-long-long -pthread -fomit-frame-pointer -ffunction-sections -fdata-sections  -msse -msse2 -msse3 -fvisibility=hidden -DCHECK_FUNCTION_EXISTS=sgemm_ -O3 -DNDEBUG  -DNDEBUG   -Wl,--gc-sections -Wl,--as-needed  CMakeFiles/cmTC_e51ad.dir/CheckFunctionExists.c.o -o cmTC_e51ad 
/usr/bin/ld: CMakeFiles/cmTC_e51ad.dir/CheckFunctionExists.c.o: in function `main':
CheckFunctionExists.c:(.text.startup.main+0x10): undefined reference to `sgemm_'
collect2: error: ld returned 1 exit status
make[1]: *** [CMakeFiles/cmTC_e51ad.dir/build.make:106: cmTC_e51ad] Error 1
make[1]: Leaving directory '/home/ydog/Desktop/3D-environment-reconstruction/include/opencv-4.5.1/CMakeFiles/CMakeTmp'
make: *** [Makefile:140: cmTC_e51ad/fast] Error 2



Build output check failed:
    Regex: 'unrecognized .*option'
    Output line: 'cc1plus: warning: unrecognized command line option ‘-Wno-tautological-undefined-compare’'
Compilation failed:
    source file: '/home/ydog/Desktop/3D-environment-reconstruction/include/opencv-4.5.1/CMakeFiles/CMakeTmp/src.cxx'
    check option: ' -Wno-tautological-undefined-compare'
===== BUILD LOG =====
Change Dir: /home/ydog/Desktop/3D-environment-reconstruction/include/opencv-4.5.1/CMakeFiles/CMakeTmp

Run Build Command(s):/usr/bin/make cmTC_bc6f2/fast && /usr/bin/make  -f CMakeFiles/cmTC_bc6f2.dir/build.make CMakeFiles/cmTC_bc6f2.dir/build
make[1]: Entering directory '/home/ydog/Desktop/3D-environment-reconstruction/include/opencv-4.5.1/CMakeFiles/CMakeTmp'
Building CXX object CMakeFiles/cmTC_bc6f2.dir/src.cxx.o
/usr/bin/c++   -fsigned-char -W -Wall -Werror=return-type -Werror=non-virtual-dtor -Werror=address -Werror=sequence-point -Wformat -Werror=format-security -Winit-self -Wpointer-arith -Wuninitialized -Wsuggest-override -Wno-delete-non-virtual-dtor -Wno-comment -Wimplicit-fallthrough=3 -Wno-strict-overflow -fdiagnostics-show-option -Wno-long-long -pthread -fomit-frame-pointer -ffunction-sections -fdata-sections  -msse -msse2 -msse3 -fvisibility=hidden -fvisibility-inlines-hidden -Wno-deprecated -Wno-missing-declarations -Wno-shadow -Wno-unused-parameter -Wno-unused-local-typedefs -Wno-sign-compare -Wno-sign-promo -Wno-undef  -O3 -DNDEBUG  -DNDEBUG -fPIE    -Wno-tautological-undefined-compare -std=c++11 -o CMakeFiles/cmTC_bc6f2.dir/src.cxx.o -c /home/ydog/Desktop/3D-environment-reconstruction/include/opencv-4.5.1/CMakeFiles/CMakeTmp/src.cxx
/home/ydog/Desktop/3D-environment-reconstruction/include/opencv-4.5.1/CMakeFiles/CMakeTmp/src.cxx:1: warning: ignoring #pragma   [-Wunknown-pragmas]
    1 | #pragma
      | 
cc1plus: warning: unrecognized command line option ‘-Wno-tautological-undefined-compare’
Linking CXX executable cmTC_bc6f2
/snap/cmake/775/bin/cmake -E cmake_link_script CMakeFiles/cmTC_bc6f2.dir/link.txt --verbose=1
/usr/bin/c++    -fsigned-char -W -Wall -Werror=return-type -Werror=non-virtual-dtor -Werror=address -Werror=sequence-point -Wformat -Werror=format-security -Winit-self -Wpointer-arith -Wuninitialized -Wsuggest-override -Wno-delete-non-virtual-dtor -Wno-comment -Wimplicit-fallthrough=3 -Wno-strict-overflow -fdiagnostics-show-option -Wno-long-long -pthread -fomit-frame-pointer -ffunction-sections -fdata-sections  -msse -msse2 -msse3 -fvisibility=hidden -fvisibility-inlines-hidden -Wno-deprecated -Wno-missing-declarations -Wno-shadow -Wno-unused-parameter -Wno-unused-local-typedefs -Wno-sign-compare -Wno-sign-promo -Wno-undef  -O3 -DNDEBUG  -DNDEBUG   -Wl,--gc-sections -Wl,--as-needed  CMakeFiles/cmTC_bc6f2.dir/src.cxx.o -o cmTC_bc6f2 
make[1]: Leaving directory '/home/ydog/Desktop/3D-environment-reconstruction/include/opencv-4.5.1/CMakeFiles/CMakeTmp'


===== END =====

Build output check failed:
    Regex: 'unrecognized .*option'
    Output line: 'cc1plus: warning: unrecognized command line option ‘-Wno-shorten-64-to-32’'
Compilation failed:
    source file: '/home/ydog/Desktop/3D-environment-reconstruction/include/opencv-4.5.1/CMakeFiles/CMakeTmp/src.cxx'
    check option: ' -Wno-shorten-64-to-32'
===== BUILD LOG =====
Change Dir: /home/ydog/Desktop/3D-environment-reconstruction/include/opencv-4.5.1/CMakeFiles/CMakeTmp

Run Build Command(s):/usr/bin/make cmTC_2a298/fast && /usr/bin/make  -f CMakeFiles/cmTC_2a298.dir/build.make CMakeFiles/cmTC_2a298.dir/build
make[1]: Entering directory '/home/ydog/Desktop/3D-environment-reconstruction/include/opencv-4.5.1/CMakeFiles/CMakeTmp'
Building CXX object CMakeFiles/cmTC_2a298.dir/src.cxx.o
/usr/bin/c++   -fsigned-char -W -Wall -Werror=return-type -Werror=non-virtual-dtor -Werror=address -Werror=sequence-point -Wformat -Werror=format-security -Winit-self -Wpointer-arith -Wuninitialized -Wsuggest-override -Wno-delete-non-virtual-dtor -Wno-comment -Wimplicit-fallthrough=3 -Wno-strict-overflow -fdiagnostics-show-option -Wno-long-long -pthread -fomit-frame-pointer -ffunction-sections -fdata-sections  -msse -msse2 -msse3 -fvisibility=hidden -fvisibility-inlines-hidden -Wno-deprecated -Wno-missing-declarations -Wno-shadow -Wno-unused-parameter -Wno-unused-local-typedefs -Wno-sign-compare -Wno-sign-promo -Wno-undef -Wno-ignored-qualifiers -Wno-extra -Wno-unused-function -Wno-unused-const-variable  -O3 -DNDEBUG  -DNDEBUG -fPIE    -Wno-shorten-64-to-32 -std=c++11 -o CMakeFiles/cmTC_2a298.dir/src.cxx.o -c /home/ydog/Desktop/3D-environment-reconstruction/include/opencv-4.5.1/CMakeFiles/CMakeTmp/src.cxx
/home/ydog/Desktop/3D-environment-reconstruction/include/opencv-4.5.1/CMakeFiles/CMakeTmp/src.cxx:1: warning: ignoring #pragma   [-Wunknown-pragmas]
    1 | #pragma
      | 
cc1plus: warning: unrecognized command line option ‘-Wno-shorten-64-to-32’
Linking CXX executable cmTC_2a298
/snap/cmake/775/bin/cmake -E cmake_link_script CMakeFiles/cmTC_2a298.dir/link.txt --verbose=1
/usr/bin/c++    -fsigned-char -W -Wall -Werror=return-type -Werror=non-virtual-dtor -Werror=address -Werror=sequence-point -Wformat -Werror=format-security -Winit-self -Wpointer-arith -Wuninitialized -Wsuggest-override -Wno-delete-non-virtual-dtor -Wno-comment -Wimplicit-fallthrough=3 -Wno-strict-overflow -fdiagnostics-show-option -Wno-long-long -pthread -fomit-frame-pointer -ffunction-sections -fdata-sections  -msse -msse2 -msse3 -fvisibility=hidden -fvisibility-inlines-hidden -Wno-deprecated -Wno-missing-declarations -Wno-shadow -Wno-unused-parameter -Wno-unused-local-typedefs -Wno-sign-compare -Wno-sign-promo -Wno-undef -Wno-ignored-qualifiers -Wno-extra -Wno-unused-function -Wno-unused-const-variable  -O3 -DNDEBUG  -DNDEBUG   -Wl,--gc-sections -Wl,--as-needed  CMakeFiles/cmTC_2a298.dir/src.cxx.o -o cmTC_2a298 
make[1]: Leaving directory '/home/ydog/Desktop/3D-environment-reconstruction/include/opencv-4.5.1/CMakeFiles/CMakeTmp'


===== END =====

Build output check failed:
    Regex: 'unrecognized .*option'
    Output line: 'cc1plus: warning: unrecognized command line option ‘-Wno-enum-compare-switch’'
Compilation failed:
    source file: '/home/ydog/Desktop/3D-environment-reconstruction/include/opencv-4.5.1/CMakeFiles/CMakeTmp/src.cxx'
    check option: ' -Wno-enum-compare-switch'
===== BUILD LOG =====
Change Dir: /home/ydog/Desktop/3D-environment-reconstruction/include/opencv-4.5.1/CMakeFiles/CMakeTmp

Run Build Command(s):/usr/bin/make cmTC_e039a/fast && /usr/bin/make  -f CMakeFiles/cmTC_e039a.dir/build.make CMakeFiles/cmTC_e039a.dir/build
make[1]: Entering directory '/home/ydog/Desktop/3D-environment-reconstruction/include/opencv-4.5.1/CMakeFiles/CMakeTmp'
Building CXX object CMakeFiles/cmTC_e039a.dir/src.cxx.o
/usr/bin/c++   -fsigned-char -W -Wall -Werror=return-type -Werror=non-virtual-dtor -Werror=address -Werror=sequence-point -Wformat -Werror=format-security -Winit-self -Wpointer-arith -Wuninitialized -Wsuggest-override -Wno-delete-non-virtual-dtor -Wno-comment -Wimplicit-fallthrough=3 -Wno-strict-overflow -fdiagnostics-show-option -Wno-long-long -pthread -fomit-frame-pointer -ffunction-sections -fdata-sections  -msse -msse2 -msse3 -fvisibility=hidden -fvisibility-inlines-hidden -Wno-deprecated -Wno-missing-declarations -Wno-shadow -Wno-unused-parameter -Wno-unused-local-typedefs -Wno-sign-compare -Wno-sign-promo -Wno-undef -Wno-ignored-qualifiers -Wno-extra -Wno-unused-function -Wno-unused-const-variable -Wno-invalid-offsetof  -O3 -DNDEBUG  -DNDEBUG -fPIE    -Wno-enum-compare-switch -std=c++11 -o CMakeFiles/cmTC_e039a.dir/src.cxx.o -c /home/ydog/Desktop/3D-environment-reconstruction/include/opencv-4.5.1/CMakeFiles/CMakeTmp/src.cxx
/home/ydog/Desktop/3D-environment-reconstruction/include/opencv-4.5.1/CMakeFiles/CMakeTmp/src.cxx:1: warning: ignoring #pragma   [-Wunknown-pragmas]
    1 | #pragma
      | 
cc1plus: warning: unrecognized command line option ‘-Wno-enum-compare-switch’
Linking CXX executable cmTC_e039a
/snap/cmake/775/bin/cmake -E cmake_link_script CMakeFiles/cmTC_e039a.dir/link.txt --verbose=1
/usr/bin/c++    -fsigned-char -W -Wall -Werror=return-type -Werror=non-virtual-dtor -Werror=address -Werror=sequence-point -Wformat -Werror=format-security -Winit-self -Wpointer-arith -Wuninitialized -Wsuggest-override -Wno-delete-non-virtual-dtor -Wno-comment -Wimplicit-fallthrough=3 -Wno-strict-overflow -fdiagnostics-show-option -Wno-long-long -pthread -fomit-frame-pointer -ffunction-sections -fdata-sections  -msse -msse2 -msse3 -fvisibility=hidden -fvisibility-inlines-hidden -Wno-deprecated -Wno-missing-declarations -Wno-shadow -Wno-unused-parameter -Wno-unused-local-typedefs -Wno-sign-compare -Wno-sign-promo -Wno-undef -Wno-ignored-qualifiers -Wno-extra -Wno-unused-function -Wno-unused-const-variable -Wno-invalid-offsetof  -O3 -DNDEBUG  -DNDEBUG   -Wl,--gc-sections -Wl,--as-needed  CMakeFiles/cmTC_e039a.dir/src.cxx.o -o cmTC_e039a 
make[1]: Leaving directory '/home/ydog/Desktop/3D-environment-reconstruction/include/opencv-4.5.1/CMakeFiles/CMakeTmp'


===== END =====

Determining if the include file sys/videoio.h exists failed with the following output:
Change Dir: /home/ydog/Desktop/3D-environment-reconstruction/include/opencv-4.5.1/CMakeFiles/CMakeTmp

Run Build Command(s):/usr/bin/make cmTC_d2aef/fast && /usr/bin/make  -f CMakeFiles/cmTC_d2aef.dir/build.make CMakeFiles/cmTC_d2aef.dir/build
make[1]: Entering directory '/home/ydog/Desktop/3D-environment-reconstruction/include/opencv-4.5.1/CMakeFiles/CMakeTmp'
Building C object CMakeFiles/cmTC_d2aef.dir/CheckIncludeFile.c.o
/usr/bin/cc   -fsigned-char -W -Wall -Werror=return-type -Werror=address -Werror=sequence-point -Wformat -Werror=format-security -Wmissing-declarations -Wmissing-prototypes -Wstrict-prototypes -Wundef -Winit-self -Wpointer-arith -Wshadow -Wuninitialized -Wno-comment -Wimplicit-fallthrough=3 -Wno-strict-overflow -fdiagnostics-show-option -Wno-long-long -pthread -fomit-frame-pointer -ffunction-sections -fdata-sections  -msse -msse2 -msse3 -fvisibility=hidden  -O3 -DNDEBUG  -DNDEBUG -fPIE -o CMakeFiles/cmTC_d2aef.dir/CheckIncludeFile.c.o -c /home/ydog/Desktop/3D-environment-reconstruction/include/opencv-4.5.1/CMakeFiles/CMakeTmp/CheckIncludeFile.c
/home/ydog/Desktop/3D-environment-reconstruction/include/opencv-4.5.1/CMakeFiles/CMakeTmp/CheckIncludeFile.c:1:10: fatal error: sys/videoio.h: No such file or directory
    1 | #include <sys/videoio.h>
      |          ^~~~~~~~~~~~~~~
compilation terminated.
make[1]: *** [CMakeFiles/cmTC_d2aef.dir/build.make:85: CMakeFiles/cmTC_d2aef.dir/CheckIncludeFile.c.o] Error 1
make[1]: Leaving directory '/home/ydog/Desktop/3D-environment-reconstruction/include/opencv-4.5.1/CMakeFiles/CMakeTmp'
make: *** [Makefile:140: cmTC_d2aef/fast] Error 2



Build output check failed:
    Regex: 'unrecognized .*option'
    Output line: 'cc1plus: warning: unrecognized command line option ‘-Wno-unused-private-field’'
Compilation failed:
    source file: '/home/ydog/Desktop/3D-environment-reconstruction/include/opencv-4.5.1/CMakeFiles/CMakeTmp/src.cxx'
    check option: ' -Wno-unused-private-field'
===== BUILD LOG =====
Change Dir: /home/ydog/Desktop/3D-environment-reconstruction/include/opencv-4.5.1/CMakeFiles/CMakeTmp

Run Build Command(s):/usr/bin/make cmTC_07651/fast && /usr/bin/make  -f CMakeFiles/cmTC_07651.dir/build.make CMakeFiles/cmTC_07651.dir/build
make[1]: Entering directory '/home/ydog/Desktop/3D-environment-reconstruction/include/opencv-4.5.1/CMakeFiles/CMakeTmp'
Building CXX object CMakeFiles/cmTC_07651.dir/src.cxx.o
/usr/bin/c++   -fsigned-char -W -Wall -Werror=return-type -Werror=non-virtual-dtor -Werror=address -Werror=sequence-point -Wformat -Werror=format-security -Wmissing-declarations -Wundef -Winit-self -Wpointer-arith -Wshadow -Wsign-promo -Wuninitialized -Wsuggest-override -Wno-delete-non-virtual-dtor -Wno-comment -Wimplicit-fallthrough=3 -Wno-strict-overflow -fdiagnostics-show-option -Wno-long-long -pthread -fomit-frame-pointer -ffunction-sections -fdata-sections  -msse -msse2 -msse3 -fvisibility=hidden -fvisibility-inlines-hidden -Wno-unused-function -Wno-deprecated-declarations -Wno-overloaded-virtual  -O3 -DNDEBUG  -DNDEBUG -fPIE    -Wno-unused-private-field -std=c++11 -o CMakeFiles/cmTC_07651.dir/src.cxx.o -c /home/ydog/Desktop/3D-environment-reconstruction/include/opencv-4.5.1/CMakeFiles/CMakeTmp/src.cxx
/home/ydog/Desktop/3D-environment-reconstruction/include/opencv-4.5.1/CMakeFiles/CMakeTmp/src.cxx:1: warning: ignoring #pragma   [-Wunknown-pragmas]
    1 | #pragma
      | 
cc1plus: warning: unrecognized command line option ‘-Wno-unused-private-field’
Linking CXX executable cmTC_07651
/snap/cmake/775/bin/cmake -E cmake_link_script CMakeFiles/cmTC_07651.dir/link.txt --verbose=1
/usr/bin/c++    -fsigned-char -W -Wall -Werror=return-type -Werror=non-virtual-dtor -Werror=address -Werror=sequence-point -Wformat -Werror=format-security -Wmissing-declarations -Wundef -Winit-self -Wpointer-arith -Wshadow -Wsign-promo -Wuninitialized -Wsuggest-override -Wno-delete-non-virtual-dtor -Wno-comment -Wimplicit-fallthrough=3 -Wno-strict-overflow -fdiagnostics-show-option -Wno-long-long -pthread -fomit-frame-pointer -ffunction-sections -fdata-sections  -msse -msse2 -msse3 -fvisibility=hidden -fvisibility-inlines-hidden -Wno-unused-function -Wno-deprecated-declarations -Wno-overloaded-virtual  -O3 -DNDEBUG  -DNDEBUG   -Wl,--gc-sections -Wl,--as-needed  CMakeFiles/cmTC_07651.dir/src.cxx.o -o cmTC_07651 
make[1]: Leaving directory '/home/ydog/Desktop/3D-environment-reconstruction/include/opencv-4.5.1/CMakeFiles/CMakeTmp'


===== END =====

